#
# There is insufficient memory for the Java Runtime Environment to continue.
# Native memory allocation (malloc) failed to allocate 3015248 bytes for Chunk::new
# Possible reasons:
#   The system is out of physical RAM or swap space
#   The process is running with CompressedOops enabled, and the Java Heap may be blocking the growth of the native heap
# Possible solutions:
#   Reduce memory load on the system
#   Increase physical memory or swap space
#   Check if swap backing store is full
#   Decrease Java heap size (-Xmx/-Xms)
#   Decrease number of Java threads
#   Decrease Java thread stack sizes (-Xss)
#   Set larger code cache with -XX:ReservedCodeCacheSize=
#   JVM is running with Unscaled Compressed Oops mode in which the Java heap is
#     placed in the first 4GB address space. The Java Heap base address is the
#     maximum limit for the native heap growth. Please use -XX:HeapBaseMinAddress
#     to set the Java Heap base and to place the Java Heap above 4GB virtual address.
# This output file may be truncated or incomplete.
#
#  Out of Memory Error (arena.cpp:189), pid=95920, tid=96004
#
# JRE version: Java(TM) SE Runtime Environment (17.0.1+12) (build 17.0.1+12-LTS-39)
# Java VM: Java HotSpot(TM) 64-Bit Server VM (17.0.1+12-LTS-39, mixed mode, sharing, tiered, compressed oops, compressed class ptrs, g1 gc, windows-amd64)
# No core dump will be written. Minidumps are not enabled by default on client versions of Windows
#

---------------  S U M M A R Y ------------

Command Line: -XX:+ShowCodeDetailsInExceptionMessages -agentlib:jdwp=transport=dt_socket,suspend=y,address=localhost:60978 -ea -javaagent:C:\Users\Erik Vasconcelos\Desktop\sts-4.21.0.RELEASE\configuration\org.eclipse.osgi\258\0\.cp\lib\javaagent-shaded.jar -Dfile.encoding=UTF-8 -Dstdout.encoding=UTF-8 -Dstderr.encoding=UTF-8 org.eclipse.jdt.internal.junit.runner.RemoteTestRunner -version 3 -port 60977 -testLoaderClass org.eclipse.jdt.internal.junit5.runner.JUnit5TestLoader -loaderpluginname org.eclipse.jdt.junit5.runtime -classNames br.com.erudio.cp.integrationtest.swagger.SwaggerIntegrationTest

Host: Intel(R) Core(TM) i3-7020U CPU @ 2.30GHz, 4 cores, 3G,  Windows 10 , 64 bit Build 19041 (10.0.19041.3636)
Time: Tue Feb  6 07:54:29 2024 Hora oficial do Brasil elapsed time: 12.993078 seconds (0d 0h 0m 12s)

---------------  T H R E A D  ---------------

Current thread (0x0000012c557191e0):  JavaThread "C2 CompilerThread0" daemon [_thread_in_native, id=96004, stack(0x00000020d8200000,0x00000020d8300000)]


Current CompileTask:
C2:  12993 2723       4       org.eclipse.jdt.launching.internal.org.objectweb.asm.ClassReader::readField (671 bytes)

Stack: [0x00000020d8200000,0x00000020d8300000]
Native frames: (J=compiled Java code, j=interpreted, Vv=VM code, C=native code)
V  [jvm.dll+0x66fa1a]
V  [jvm.dll+0x7ce5a4]
V  [jvm.dll+0x7cfd4e]
V  [jvm.dll+0x7d03b3]
V  [jvm.dll+0x242b05]
V  [jvm.dll+0xaa05b]
V  [jvm.dll+0xaa5ec]
V  [jvm.dll+0x35fa07]
V  [jvm.dll+0x1b9732]
V  [jvm.dll+0x215d49]
V  [jvm.dll+0x215011]
V  [jvm.dll+0x1a168d]
V  [jvm.dll+0x224848]
V  [jvm.dll+0x2229ac]
V  [jvm.dll+0x78435b]
V  [jvm.dll+0x77e91a]
V  [jvm.dll+0x66e845]
C  [ucrtbase.dll+0x21bb2]
C  [KERNEL32.DLL+0x17344]
C  [ntdll.dll+0x526b1]


---------------  P R O C E S S  ---------------

Threads class SMR info:
_java_thread_list=0x0000012c5af953c0, length=23, elements={
0x0000012c3a574600, 0x0000012c3a622090, 0x0000012c3a623ab0, 0x0000012c557149a0,
0x0000012c55715360, 0x0000012c55717d30, 0x0000012c557185f0, 0x0000012c557191e0,
0x0000012c5577ddf0, 0x0000012c5578c760, 0x0000012c557e98f0, 0x0000012c562f5820,
0x0000012c562f76d0, 0x0000012c562f7bc0, 0x0000012c56e599d0, 0x0000012c572026b0,
0x0000012c590287c0, 0x0000012c579bf760, 0x0000012c5b247140, 0x0000012c5b247610,
0x0000012c5b247fb0, 0x0000012c5b247ae0, 0x0000012c5b248480
}

Java Threads: ( => current thread )
  0x0000012c3a574600 JavaThread "main" [_thread_blocked, id=93900, stack(0x00000020d7500000,0x00000020d7600000)]
  0x0000012c3a622090 JavaThread "Reference Handler" daemon [_thread_blocked, id=94508, stack(0x00000020d7c00000,0x00000020d7d00000)]
  0x0000012c3a623ab0 JavaThread "Finalizer" daemon [_thread_blocked, id=94504, stack(0x00000020d7d00000,0x00000020d7e00000)]
  0x0000012c557149a0 JavaThread "Signal Dispatcher" daemon [_thread_blocked, id=95956, stack(0x00000020d7e00000,0x00000020d7f00000)]
  0x0000012c55715360 JavaThread "Attach Listener" daemon [_thread_blocked, id=96000, stack(0x00000020d7f00000,0x00000020d8000000)]
  0x0000012c55717d30 JavaThread "Service Thread" daemon [_thread_blocked, id=95964, stack(0x00000020d8000000,0x00000020d8100000)]
  0x0000012c557185f0 JavaThread "Monitor Deflation Thread" daemon [_thread_blocked, id=96032, stack(0x00000020d8100000,0x00000020d8200000)]
=>0x0000012c557191e0 JavaThread "C2 CompilerThread0" daemon [_thread_in_native, id=96004, stack(0x00000020d8200000,0x00000020d8300000)]
  0x0000012c5577ddf0 JavaThread "C1 CompilerThread0" daemon [_thread_blocked, id=95980, stack(0x00000020d8300000,0x00000020d8400000)]
  0x0000012c5578c760 JavaThread "Sweeper thread" daemon [_thread_blocked, id=96016, stack(0x00000020d8400000,0x00000020d8500000)]
  0x0000012c557e98f0 JavaThread "Common-Cleaner" daemon [_thread_blocked, id=96028, stack(0x00000020d8500000,0x00000020d8600000)]
  0x0000012c562f5820 JavaThread "JDWP Transport Listener: dt_socket" daemon [_thread_blocked, id=89136, stack(0x00000020d8600000,0x00000020d8700000)]
  0x0000012c562f76d0 JavaThread "JDWP Event Helper Thread" daemon [_thread_blocked, id=93464, stack(0x00000020d8700000,0x00000020d8800000)]
  0x0000012c562f7bc0 JavaThread "JDWP Command Reader" daemon [_thread_in_native, id=95952, stack(0x00000020d8800000,0x00000020d8900000)]
  0x0000012c56e599d0 JavaThread "Notification Thread" daemon [_thread_blocked, id=83144, stack(0x00000020d8c00000,0x00000020d8d00000)]
  0x0000012c572026b0 JavaThread "ReaderThread" [_thread_in_native, id=8876, stack(0x00000020d8e00000,0x00000020d8f00000)]
  0x0000012c590287c0 JavaThread "testcontainers-lifecycle-0" daemon [_thread_blocked, id=95864, stack(0x00000020d9000000,0x00000020d9100000)]
  0x0000012c579bf760 JavaThread "ducttape-0" daemon [_thread_blocked, id=95876, stack(0x00000020d9100000,0x00000020d9200000)]
  0x0000012c5b247140 JavaThread "Thread-1" daemon [_thread_in_native, id=95868, stack(0x00000020d8f00000,0x00000020d9000000)]
  0x0000012c5b247610 JavaThread "Thread-2" daemon [_thread_in_native, id=87836, stack(0x00000020d9200000,0x00000020d9300000)]
  0x0000012c5b247fb0 JavaThread "Thread-3" daemon [_thread_in_native, id=39704, stack(0x00000020d9300000,0x00000020d9400000)]
  0x0000012c5b247ae0 JavaThread "Thread-4" daemon [_thread_in_native, id=20016, stack(0x00000020d9400000,0x00000020d9500000)]
  0x0000012c5b248480 JavaThread "Thread-5" daemon [_thread_in_native, id=95200, stack(0x00000020d9500000,0x00000020d9600000)]

Other Threads:
  0x0000012c3a61d530 VMThread "VM Thread" [stack: 0x00000020d7b00000,0x00000020d7c00000] [id=92376]
  0x0000012c564b6930 WatcherThread [stack: 0x00000020d8d00000,0x00000020d8e00000] [id=92056]
  0x0000012c3a5a0bf0 GCTaskThread "GC Thread#0" [stack: 0x00000020d7600000,0x00000020d7700000] [id=93560]
  0x0000012c568868e0 GCTaskThread "GC Thread#1" [stack: 0x00000020d8900000,0x00000020d8a00000] [id=95404]
  0x0000012c56c89d80 GCTaskThread "GC Thread#2" [stack: 0x00000020d8a00000,0x00000020d8b00000] [id=95416]
  0x0000012c56c5d510 GCTaskThread "GC Thread#3" [stack: 0x00000020d8b00000,0x00000020d8c00000] [id=9368]
  0x0000012c3a5adf60 ConcurrentGCThread "G1 Main Marker" [stack: 0x00000020d7700000,0x00000020d7800000] [id=93564]
  0x0000012c3a5af160 ConcurrentGCThread "G1 Conc#0" [stack: 0x00000020d7800000,0x00000020d7900000] [id=93516]
  0x0000012c3a5fbf50 ConcurrentGCThread "G1 Refine#0" [stack: 0x00000020d7900000,0x00000020d7a00000] [id=95900]
  0x0000012c3a5fe170 ConcurrentGCThread "G1 Service" [stack: 0x00000020d7a00000,0x00000020d7b00000] [id=95424]

Threads with active compile tasks:
C2 CompilerThread0    13082 2723       4       org.eclipse.jdt.launching.internal.org.objectweb.asm.ClassReader::readField (671 bytes)

VM state: not at safepoint (normal execution)

VM Mutex/Monitor currently owned by a thread: None

Heap address: 0x00000000c1600000, size: 1002 MB, Compressed Oops mode: 32-bit

CDS archive(s) mapped at: [0x0000000800000000-0x0000000800bc0000-0x0000000800bc0000), size 12320768, SharedBaseAddress: 0x0000000800000000, ArchiveRelocationMode: 0.
Compressed class space mapped at: 0x0000000800c00000-0x0000000840c00000, reserved size: 1073741824
Narrow klass base: 0x0000000800000000, Narrow klass shift: 0, Narrow klass range: 0x100000000

GC Precious Log:
 CPUs: 4 total, 4 available
 Memory: 4007M
 Large Page Support: Disabled
 NUMA Support: Disabled
 Compressed Oops: Enabled (32-bit)
 Heap Region Size: 1M
 Heap Min Capacity: 8M
 Heap Initial Capacity: 64M
 Heap Max Capacity: 1002M
 Pre-touch: Disabled
 Parallel Workers: 4
 Concurrent Workers: 1
 Concurrent Refinement Workers: 4
 Periodic GC: Disabled

Heap:
 garbage-first heap   total 136192K, used 22453K [0x00000000c1600000, 0x0000000100000000)
  region size 1024K, 6 young (6144K), 2 survivors (2048K)
 Metaspace       used 29614K, committed 29888K, reserved 1081344K
  class space    used 3679K, committed 3776K, reserved 1048576K

Heap Regions: E=young(eden), S=young(survivor), O=old, HS=humongous(starts), HC=humongous(continues), CS=collection set, F=free, OA=open archive, CA=closed archive, TAMS=top-at-mark-start (previous, next)
|   0|0x00000000c1600000, 0x00000000c1700000, 0x00000000c1700000|100%|HS|  |TAMS 0x00000000c1700000, 0x00000000c1600000| Complete 
|   1|0x00000000c1700000, 0x00000000c1800000, 0x00000000c1800000|100%|HS|  |TAMS 0x00000000c1800000, 0x00000000c1700000| Complete 
|   2|0x00000000c1800000, 0x00000000c1900000, 0x00000000c1900000|100%|HC|  |TAMS 0x00000000c1900000, 0x00000000c1800000| Complete 
|   3|0x00000000c1900000, 0x00000000c1a00000, 0x00000000c1a00000|100%| O|  |TAMS 0x00000000c1a00000, 0x00000000c1900000| Untracked 
|   4|0x00000000c1a00000, 0x00000000c1a00000, 0x00000000c1b00000|  0%| F|  |TAMS 0x00000000c1a00000, 0x00000000c1a00000| Untracked 
|   5|0x00000000c1b00000, 0x00000000c1c00000, 0x00000000c1c00000|100%| O|  |TAMS 0x00000000c1c00000, 0x00000000c1b00000| Untracked 
|   6|0x00000000c1c00000, 0x00000000c1d00000, 0x00000000c1d00000|100%| O|  |TAMS 0x00000000c1d00000, 0x00000000c1c00000| Untracked 
|   7|0x00000000c1d00000, 0x00000000c1e00000, 0x00000000c1e00000|100%| O|  |TAMS 0x00000000c1e00000, 0x00000000c1d00000| Untracked 
|   8|0x00000000c1e00000, 0x00000000c1f00000, 0x00000000c1f00000|100%| O|  |TAMS 0x00000000c1f00000, 0x00000000c1e00000| Untracked 
|   9|0x00000000c1f00000, 0x00000000c2000000, 0x00000000c2000000|100%| O|  |TAMS 0x00000000c2000000, 0x00000000c1f00000| Untracked 
|  10|0x00000000c2000000, 0x00000000c2100000, 0x00000000c2100000|100%| O|  |TAMS 0x00000000c2100000, 0x00000000c2000000| Untracked 
|  11|0x00000000c2100000, 0x00000000c2200000, 0x00000000c2200000|100%| O|  |TAMS 0x00000000c2200000, 0x00000000c2100000| Untracked 
|  12|0x00000000c2200000, 0x00000000c22f4400, 0x00000000c2300000| 95%| O|  |TAMS 0x00000000c22f4400, 0x00000000c2200000| Untracked 
|  13|0x00000000c2300000, 0x00000000c2400000, 0x00000000c2400000|100%| O|  |TAMS 0x00000000c2300000, 0x00000000c2300000| Untracked 
|  14|0x00000000c2400000, 0x00000000c2500000, 0x00000000c2500000|100%| O|  |TAMS 0x00000000c2400000, 0x00000000c2400000| Untracked 
|  15|0x00000000c2500000, 0x00000000c2600000, 0x00000000c2600000|100%| O|  |TAMS 0x00000000c2500000, 0x00000000c2500000| Untracked 
|  16|0x00000000c2600000, 0x00000000c2700000, 0x00000000c2700000|100%| O|  |TAMS 0x00000000c2600000, 0x00000000c2600000| Untracked 
|  17|0x00000000c2700000, 0x00000000c2800000, 0x00000000c2800000|100%| O|  |TAMS 0x00000000c2700000, 0x00000000c2700000| Untracked 
|  18|0x00000000c2800000, 0x00000000c2847600, 0x00000000c2900000| 27%| O|  |TAMS 0x00000000c2800000, 0x00000000c2800000| Untracked 
|  19|0x00000000c2900000, 0x00000000c2900000, 0x00000000c2a00000|  0%| F|  |TAMS 0x00000000c2900000, 0x00000000c2900000| Untracked 
|  20|0x00000000c2a00000, 0x00000000c2a00000, 0x00000000c2b00000|  0%| F|  |TAMS 0x00000000c2a00000, 0x00000000c2a00000| Untracked 
|  21|0x00000000c2b00000, 0x00000000c2b00000, 0x00000000c2c00000|  0%| F|  |TAMS 0x00000000c2b00000, 0x00000000c2b00000| Untracked 
|  22|0x00000000c2c00000, 0x00000000c2c00000, 0x00000000c2d00000|  0%| F|  |TAMS 0x00000000c2c00000, 0x00000000c2c00000| Untracked 
|  23|0x00000000c2d00000, 0x00000000c2d00000, 0x00000000c2e00000|  0%| F|  |TAMS 0x00000000c2d00000, 0x00000000c2d00000| Untracked 
|  24|0x00000000c2e00000, 0x00000000c2e00000, 0x00000000c2f00000|  0%| F|  |TAMS 0x00000000c2e00000, 0x00000000c2e00000| Untracked 
|  25|0x00000000c2f00000, 0x00000000c2f00000, 0x00000000c3000000|  0%| F|  |TAMS 0x00000000c2f00000, 0x00000000c2f00000| Untracked 
|  26|0x00000000c3000000, 0x00000000c3000000, 0x00000000c3100000|  0%| F|  |TAMS 0x00000000c3000000, 0x00000000c3000000| Untracked 
|  27|0x00000000c3100000, 0x00000000c3100000, 0x00000000c3200000|  0%| F|  |TAMS 0x00000000c3100000, 0x00000000c3100000| Untracked 
|  28|0x00000000c3200000, 0x00000000c3200000, 0x00000000c3300000|  0%| F|  |TAMS 0x00000000c3200000, 0x00000000c3200000| Untracked 
|  29|0x00000000c3300000, 0x00000000c33b1b80, 0x00000000c3400000| 69%| S|CS|TAMS 0x00000000c3300000, 0x00000000c3300000| Complete 
|  30|0x00000000c3400000, 0x00000000c3500000, 0x00000000c3500000|100%| S|CS|TAMS 0x00000000c3400000, 0x00000000c3400000| Complete 
|  31|0x00000000c3500000, 0x00000000c3500000, 0x00000000c3600000|  0%| F|  |TAMS 0x00000000c3500000, 0x00000000c3500000| Untracked 
|  32|0x00000000c3600000, 0x00000000c3600000, 0x00000000c3700000|  0%| F|  |TAMS 0x00000000c3600000, 0x00000000c3600000| Untracked 
|  33|0x00000000c3700000, 0x00000000c3700000, 0x00000000c3800000|  0%| F|  |TAMS 0x00000000c3700000, 0x00000000c3700000| Untracked 
|  34|0x00000000c3800000, 0x00000000c3800000, 0x00000000c3900000|  0%| F|  |TAMS 0x00000000c3800000, 0x00000000c3800000| Untracked 
|  35|0x00000000c3900000, 0x00000000c3900000, 0x00000000c3a00000|  0%| F|  |TAMS 0x00000000c3900000, 0x00000000c3900000| Untracked 
|  36|0x00000000c3a00000, 0x00000000c3a00000, 0x00000000c3b00000|  0%| F|  |TAMS 0x00000000c3a00000, 0x00000000c3a00000| Untracked 
|  37|0x00000000c3b00000, 0x00000000c3b00000, 0x00000000c3c00000|  0%| F|  |TAMS 0x00000000c3b00000, 0x00000000c3b00000| Untracked 
|  38|0x00000000c3c00000, 0x00000000c3c00000, 0x00000000c3d00000|  0%| F|  |TAMS 0x00000000c3c00000, 0x00000000c3c00000| Untracked 
|  39|0x00000000c3d00000, 0x00000000c3d00000, 0x00000000c3e00000|  0%| F|  |TAMS 0x00000000c3d00000, 0x00000000c3d00000| Untracked 
|  40|0x00000000c3e00000, 0x00000000c3e00000, 0x00000000c3f00000|  0%| F|  |TAMS 0x00000000c3e00000, 0x00000000c3e00000| Untracked 
|  41|0x00000000c3f00000, 0x00000000c3f00000, 0x00000000c4000000|  0%| F|  |TAMS 0x00000000c3f00000, 0x00000000c3f00000| Untracked 
|  42|0x00000000c4000000, 0x00000000c4000000, 0x00000000c4100000|  0%| F|  |TAMS 0x00000000c4000000, 0x00000000c4000000| Untracked 
|  43|0x00000000c4100000, 0x00000000c4100000, 0x00000000c4200000|  0%| F|  |TAMS 0x00000000c4100000, 0x00000000c4100000| Untracked 
|  44|0x00000000c4200000, 0x00000000c4200000, 0x00000000c4300000|  0%| F|  |TAMS 0x00000000c4200000, 0x00000000c4200000| Untracked 
|  45|0x00000000c4300000, 0x00000000c4300000, 0x00000000c4400000|  0%| F|  |TAMS 0x00000000c4300000, 0x00000000c4300000| Untracked 
|  46|0x00000000c4400000, 0x00000000c4400000, 0x00000000c4500000|  0%| F|  |TAMS 0x00000000c4400000, 0x00000000c4400000| Untracked 
|  47|0x00000000c4500000, 0x00000000c4500000, 0x00000000c4600000|  0%| F|  |TAMS 0x00000000c4500000, 0x00000000c4500000| Untracked 
|  48|0x00000000c4600000, 0x00000000c4600000, 0x00000000c4700000|  0%| F|  |TAMS 0x00000000c4600000, 0x00000000c4600000| Untracked 
|  49|0x00000000c4700000, 0x00000000c4700000, 0x00000000c4800000|  0%| F|  |TAMS 0x00000000c4700000, 0x00000000c4700000| Untracked 
|  50|0x00000000c4800000, 0x00000000c4800000, 0x00000000c4900000|  0%| F|  |TAMS 0x00000000c4800000, 0x00000000c4800000| Untracked 
|  51|0x00000000c4900000, 0x00000000c4900000, 0x00000000c4a00000|  0%| F|  |TAMS 0x00000000c4900000, 0x00000000c4900000| Untracked 
|  52|0x00000000c4a00000, 0x00000000c4a00000, 0x00000000c4b00000|  0%| F|  |TAMS 0x00000000c4a00000, 0x00000000c4a00000| Untracked 
|  53|0x00000000c4b00000, 0x00000000c4b00000, 0x00000000c4c00000|  0%| F|  |TAMS 0x00000000c4b00000, 0x00000000c4b00000| Untracked 
|  54|0x00000000c4c00000, 0x00000000c4c00000, 0x00000000c4d00000|  0%| F|  |TAMS 0x00000000c4c00000, 0x00000000c4c00000| Untracked 
|  55|0x00000000c4d00000, 0x00000000c4d00000, 0x00000000c4e00000|  0%| F|  |TAMS 0x00000000c4d00000, 0x00000000c4d00000| Untracked 
|  56|0x00000000c4e00000, 0x00000000c4e00000, 0x00000000c4f00000|  0%| F|  |TAMS 0x00000000c4e00000, 0x00000000c4e00000| Untracked 
|  57|0x00000000c4f00000, 0x00000000c4f00000, 0x00000000c5000000|  0%| F|  |TAMS 0x00000000c4f00000, 0x00000000c4f00000| Untracked 
|  58|0x00000000c5000000, 0x00000000c5000000, 0x00000000c5100000|  0%| F|  |TAMS 0x00000000c5000000, 0x00000000c5000000| Untracked 
|  59|0x00000000c5100000, 0x00000000c5100000, 0x00000000c5200000|  0%| F|  |TAMS 0x00000000c5100000, 0x00000000c5100000| Untracked 
|  60|0x00000000c5200000, 0x00000000c5200000, 0x00000000c5300000|  0%| F|  |TAMS 0x00000000c5200000, 0x00000000c5200000| Untracked 
|  61|0x00000000c5300000, 0x00000000c5300000, 0x00000000c5400000|  0%| F|  |TAMS 0x00000000c5300000, 0x00000000c5300000| Untracked 
|  62|0x00000000c5400000, 0x00000000c5400000, 0x00000000c5500000|  0%| F|  |TAMS 0x00000000c5400000, 0x00000000c5400000| Untracked 
|  63|0x00000000c5500000, 0x00000000c5500000, 0x00000000c5600000|  0%| F|  |TAMS 0x00000000c5500000, 0x00000000c5500000| Untracked 
|  64|0x00000000c5600000, 0x00000000c5600000, 0x00000000c5700000|  0%| F|  |TAMS 0x00000000c5600000, 0x00000000c5600000| Untracked 
|  65|0x00000000c5700000, 0x00000000c5700000, 0x00000000c5800000|  0%| F|  |TAMS 0x00000000c5700000, 0x00000000c5700000| Untracked 
|  66|0x00000000c5800000, 0x00000000c5800000, 0x00000000c5900000|  0%| F|  |TAMS 0x00000000c5800000, 0x00000000c5800000| Untracked 
|  67|0x00000000c5900000, 0x00000000c5900000, 0x00000000c5a00000|  0%| F|  |TAMS 0x00000000c5900000, 0x00000000c5900000| Untracked 
|  68|0x00000000c5a00000, 0x00000000c5a00000, 0x00000000c5b00000|  0%| F|  |TAMS 0x00000000c5a00000, 0x00000000c5a00000| Untracked 
|  69|0x00000000c5b00000, 0x00000000c5b00000, 0x00000000c5c00000|  0%| F|  |TAMS 0x00000000c5b00000, 0x00000000c5b00000| Untracked 
|  70|0x00000000c5c00000, 0x00000000c5c00000, 0x00000000c5d00000|  0%| F|  |TAMS 0x00000000c5c00000, 0x00000000c5c00000| Untracked 
|  71|0x00000000c5d00000, 0x00000000c5d00000, 0x00000000c5e00000|  0%| F|  |TAMS 0x00000000c5d00000, 0x00000000c5d00000| Untracked 
|  72|0x00000000c5e00000, 0x00000000c5e00000, 0x00000000c5f00000|  0%| F|  |TAMS 0x00000000c5e00000, 0x00000000c5e00000| Untracked 
|  73|0x00000000c5f00000, 0x00000000c5f00000, 0x00000000c6000000|  0%| F|  |TAMS 0x00000000c5f00000, 0x00000000c5f00000| Untracked 
|  74|0x00000000c6000000, 0x00000000c6000000, 0x00000000c6100000|  0%| F|  |TAMS 0x00000000c6000000, 0x00000000c6000000| Untracked 
|  75|0x00000000c6100000, 0x00000000c6100000, 0x00000000c6200000|  0%| F|  |TAMS 0x00000000c6100000, 0x00000000c6100000| Untracked 
|  76|0x00000000c6200000, 0x00000000c6200000, 0x00000000c6300000|  0%| F|  |TAMS 0x00000000c6200000, 0x00000000c6200000| Untracked 
|  77|0x00000000c6300000, 0x00000000c6300000, 0x00000000c6400000|  0%| F|  |TAMS 0x00000000c6300000, 0x00000000c6300000| Untracked 
|  78|0x00000000c6400000, 0x00000000c6400000, 0x00000000c6500000|  0%| F|  |TAMS 0x00000000c6400000, 0x00000000c6400000| Untracked 
|  79|0x00000000c6500000, 0x00000000c6500000, 0x00000000c6600000|  0%| F|  |TAMS 0x00000000c6500000, 0x00000000c6500000| Untracked 
|  80|0x00000000c6600000, 0x00000000c6600000, 0x00000000c6700000|  0%| F|  |TAMS 0x00000000c6600000, 0x00000000c6600000| Untracked 
|  81|0x00000000c6700000, 0x00000000c6700000, 0x00000000c6800000|  0%| F|  |TAMS 0x00000000c6700000, 0x00000000c6700000| Untracked 
|  82|0x00000000c6800000, 0x00000000c6800000, 0x00000000c6900000|  0%| F|  |TAMS 0x00000000c6800000, 0x00000000c6800000| Untracked 
|  83|0x00000000c6900000, 0x00000000c6900000, 0x00000000c6a00000|  0%| F|  |TAMS 0x00000000c6900000, 0x00000000c6900000| Untracked 
|  84|0x00000000c6a00000, 0x00000000c6a00000, 0x00000000c6b00000|  0%| F|  |TAMS 0x00000000c6a00000, 0x00000000c6a00000| Untracked 
|  85|0x00000000c6b00000, 0x00000000c6b00000, 0x00000000c6c00000|  0%| F|  |TAMS 0x00000000c6b00000, 0x00000000c6b00000| Untracked 
|  86|0x00000000c6c00000, 0x00000000c6c00000, 0x00000000c6d00000|  0%| F|  |TAMS 0x00000000c6c00000, 0x00000000c6c00000| Untracked 
|  87|0x00000000c6d00000, 0x00000000c6d00000, 0x00000000c6e00000|  0%| F|  |TAMS 0x00000000c6d00000, 0x00000000c6d00000| Untracked 
|  88|0x00000000c6e00000, 0x00000000c6e00000, 0x00000000c6f00000|  0%| F|  |TAMS 0x00000000c6e00000, 0x00000000c6e00000| Untracked 
|  89|0x00000000c6f00000, 0x00000000c6f00000, 0x00000000c7000000|  0%| F|  |TAMS 0x00000000c6f00000, 0x00000000c6f00000| Untracked 
|  90|0x00000000c7000000, 0x00000000c7000000, 0x00000000c7100000|  0%| F|  |TAMS 0x00000000c7000000, 0x00000000c7000000| Untracked 
|  91|0x00000000c7100000, 0x00000000c7100000, 0x00000000c7200000|  0%| F|  |TAMS 0x00000000c7100000, 0x00000000c7100000| Untracked 
|  92|0x00000000c7200000, 0x00000000c7200000, 0x00000000c7300000|  0%| F|  |TAMS 0x00000000c7200000, 0x00000000c7200000| Untracked 
|  93|0x00000000c7300000, 0x00000000c7300000, 0x00000000c7400000|  0%| F|  |TAMS 0x00000000c7300000, 0x00000000c7300000| Untracked 
|  94|0x00000000c7400000, 0x00000000c7400000, 0x00000000c7500000|  0%| F|  |TAMS 0x00000000c7400000, 0x00000000c7400000| Untracked 
|  95|0x00000000c7500000, 0x00000000c7500000, 0x00000000c7600000|  0%| F|  |TAMS 0x00000000c7500000, 0x00000000c7500000| Untracked 
|  96|0x00000000c7600000, 0x00000000c7600000, 0x00000000c7700000|  0%| F|  |TAMS 0x00000000c7600000, 0x00000000c7600000| Untracked 
|  97|0x00000000c7700000, 0x00000000c7700000, 0x00000000c7800000|  0%| F|  |TAMS 0x00000000c7700000, 0x00000000c7700000| Untracked 
|  98|0x00000000c7800000, 0x00000000c7800000, 0x00000000c7900000|  0%| F|  |TAMS 0x00000000c7800000, 0x00000000c7800000| Untracked 
|  99|0x00000000c7900000, 0x00000000c7900000, 0x00000000c7a00000|  0%| F|  |TAMS 0x00000000c7900000, 0x00000000c7900000| Untracked 
| 100|0x00000000c7a00000, 0x00000000c7a00000, 0x00000000c7b00000|  0%| F|  |TAMS 0x00000000c7a00000, 0x00000000c7a00000| Untracked 
| 101|0x00000000c7b00000, 0x00000000c7b00000, 0x00000000c7c00000|  0%| F|  |TAMS 0x00000000c7b00000, 0x00000000c7b00000| Untracked 
| 102|0x00000000c7c00000, 0x00000000c7c00000, 0x00000000c7d00000|  0%| F|  |TAMS 0x00000000c7c00000, 0x00000000c7c00000| Untracked 
| 103|0x00000000c7d00000, 0x00000000c7d00000, 0x00000000c7e00000|  0%| F|  |TAMS 0x00000000c7d00000, 0x00000000c7d00000| Untracked 
| 104|0x00000000c7e00000, 0x00000000c7e00000, 0x00000000c7f00000|  0%| F|  |TAMS 0x00000000c7e00000, 0x00000000c7e00000| Untracked 
| 105|0x00000000c7f00000, 0x00000000c7f00000, 0x00000000c8000000|  0%| F|  |TAMS 0x00000000c7f00000, 0x00000000c7f00000| Untracked 
| 106|0x00000000c8000000, 0x00000000c8000000, 0x00000000c8100000|  0%| F|  |TAMS 0x00000000c8000000, 0x00000000c8000000| Untracked 
| 107|0x00000000c8100000, 0x00000000c8100000, 0x00000000c8200000|  0%| F|  |TAMS 0x00000000c8100000, 0x00000000c8100000| Untracked 
| 108|0x00000000c8200000, 0x00000000c8200000, 0x00000000c8300000|  0%| F|  |TAMS 0x00000000c8200000, 0x00000000c8200000| Untracked 
| 109|0x00000000c8300000, 0x00000000c8300000, 0x00000000c8400000|  0%| F|  |TAMS 0x00000000c8300000, 0x00000000c8300000| Untracked 
| 110|0x00000000c8400000, 0x00000000c8400000, 0x00000000c8500000|  0%| F|  |TAMS 0x00000000c8400000, 0x00000000c8400000| Untracked 
| 111|0x00000000c8500000, 0x00000000c8500000, 0x00000000c8600000|  0%| F|  |TAMS 0x00000000c8500000, 0x00000000c8500000| Untracked 
| 112|0x00000000c8600000, 0x00000000c8600000, 0x00000000c8700000|  0%| F|  |TAMS 0x00000000c8600000, 0x00000000c8600000| Untracked 
| 113|0x00000000c8700000, 0x00000000c8700000, 0x00000000c8800000|  0%| F|  |TAMS 0x00000000c8700000, 0x00000000c8700000| Untracked 
| 114|0x00000000c8800000, 0x00000000c8800000, 0x00000000c8900000|  0%| F|  |TAMS 0x00000000c8800000, 0x00000000c8800000| Untracked 
| 115|0x00000000c8900000, 0x00000000c8900000, 0x00000000c8a00000|  0%| F|  |TAMS 0x00000000c8900000, 0x00000000c8900000| Untracked 
| 116|0x00000000c8a00000, 0x00000000c8a00000, 0x00000000c8b00000|  0%| F|  |TAMS 0x00000000c8a00000, 0x00000000c8a00000| Untracked 
| 117|0x00000000c8b00000, 0x00000000c8b00000, 0x00000000c8c00000|  0%| F|  |TAMS 0x00000000c8b00000, 0x00000000c8b00000| Untracked 
| 118|0x00000000c8c00000, 0x00000000c8c00000, 0x00000000c8d00000|  0%| F|  |TAMS 0x00000000c8c00000, 0x00000000c8c00000| Untracked 
| 119|0x00000000c8d00000, 0x00000000c8d00000, 0x00000000c8e00000|  0%| F|  |TAMS 0x00000000c8d00000, 0x00000000c8d00000| Untracked 
| 120|0x00000000c8e00000, 0x00000000c8e00000, 0x00000000c8f00000|  0%| F|  |TAMS 0x00000000c8e00000, 0x00000000c8e00000| Untracked 
| 121|0x00000000c8f00000, 0x00000000c8f00000, 0x00000000c9000000|  0%| F|  |TAMS 0x00000000c8f00000, 0x00000000c8f00000| Untracked 
| 122|0x00000000c9000000, 0x00000000c9000000, 0x00000000c9100000|  0%| F|  |TAMS 0x00000000c9000000, 0x00000000c9000000| Untracked 
| 123|0x00000000c9100000, 0x00000000c9100000, 0x00000000c9200000|  0%| F|  |TAMS 0x00000000c9100000, 0x00000000c9100000| Untracked 
| 124|0x00000000c9200000, 0x00000000c9200000, 0x00000000c9300000|  0%| F|  |TAMS 0x00000000c9200000, 0x00000000c9200000| Untracked 
| 125|0x00000000c9300000, 0x00000000c9300000, 0x00000000c9400000|  0%| F|  |TAMS 0x00000000c9300000, 0x00000000c9300000| Untracked 
| 126|0x00000000c9400000, 0x00000000c9400000, 0x00000000c9500000|  0%| F|  |TAMS 0x00000000c9400000, 0x00000000c9400000| Untracked 
| 127|0x00000000c9500000, 0x00000000c9500000, 0x00000000c9600000|  0%| F|  |TAMS 0x00000000c9500000, 0x00000000c9500000| Untracked 
| 128|0x00000000c9600000, 0x00000000c9600000, 0x00000000c9700000|  0%| F|  |TAMS 0x00000000c9600000, 0x00000000c9600000| Untracked 
| 129|0x00000000c9700000, 0x00000000c9800000, 0x00000000c9800000|100%| E|  |TAMS 0x00000000c9700000, 0x00000000c9700000| Complete 
| 130|0x00000000c9800000, 0x00000000c9900000, 0x00000000c9900000|100%| E|CS|TAMS 0x00000000c9800000, 0x00000000c9800000| Complete 
| 131|0x00000000c9900000, 0x00000000c9a00000, 0x00000000c9a00000|100%| E|CS|TAMS 0x00000000c9900000, 0x00000000c9900000| Complete 
| 132|0x00000000c9a00000, 0x00000000c9b00000, 0x00000000c9b00000|100%| E|CS|TAMS 0x00000000c9a00000, 0x00000000c9a00000| Complete 

Card table byte_map: [0x0000012c50f60000,0x0000012c51160000] _byte_map_base: 0x0000012c50955000

Marking Bits (Prev, Next): (CMBitMap*) 0x0000012c3a5a3170, (CMBitMap*) 0x0000012c3a5a3130
 Prev Bits: [0x0000012c52310000, 0x0000012c532b8000)
 Next Bits: [0x0000012c51360000, 0x0000012c52308000)

Polling page: 0x0000012c384b0000

Metaspace:

Usage:
  Non-class:     25.33 MB used.
      Class:      3.59 MB used.
       Both:     28.92 MB used.

Virtual space:
  Non-class space:       32.00 MB reserved,      25.50 MB ( 80%) committed,  4 nodes.
      Class space:        1.00 GB reserved,       3.69 MB ( <1%) committed,  1 nodes.
             Both:        1.03 GB reserved,      29.19 MB (  3%) committed. 

Chunk freelists:
   Non-Class:  2.36 MB
       Class:  256.00 KB
        Both:  2.61 MB

MaxMetaspaceSize: unlimited
CompressedClassSpaceSize: 1.00 GB
Initial GC threshold: 21.00 MB
Current GC threshold: 35.12 MB
CDS: on
MetaspaceReclaimPolicy: balanced
 - commit_granule_bytes: 65536.
 - commit_granule_words: 8192.
 - virtual_space_node_default_size: 1048576.
 - enlarge_chunks_in_place: 1.
 - new_chunks_are_fully_committed: 0.
 - uncommit_free_chunks: 1.
 - use_allocation_guard: 0.
 - handle_deallocations: 1.


Internal statistics:

num_allocs_failed_limit: 5.
num_arena_births: 256.
num_arena_deaths: 0.
num_vsnodes_births: 5.
num_vsnodes_deaths: 0.
num_space_committed: 467.
num_space_uncommitted: 0.
num_chunks_returned_to_freelist: 5.
num_chunks_taken_from_freelist: 1201.
num_chunk_merges: 5.
num_chunk_splits: 865.
num_chunks_enlarged: 713.
num_purges: 0.
num_inconsistent_stats: 0.

CodeHeap 'non-profiled nmethods': size=120000Kb used=1588Kb max_used=1588Kb free=118411Kb
 bounds [0x0000012c49830000, 0x0000012c49aa0000, 0x0000012c50d60000]
CodeHeap 'profiled nmethods': size=120000Kb used=6244Kb max_used=6244Kb free=113755Kb
 bounds [0x0000012c42300000, 0x0000012c42920000, 0x0000012c49830000]
CodeHeap 'non-nmethods': size=5760Kb used=1293Kb max_used=1374Kb free=4467Kb
 bounds [0x0000012c41d60000, 0x0000012c41fd0000, 0x0000012c42300000]
 total_blobs=3424 nmethods=2894 adapters=441
 compilation: enabled
              stopped_count=0, restarted_count=0
 full_count=0

Compilation events (20 events):
Event: 12.855 Thread 0x0000012c5577ddf0 2927       1       org.testcontainers.shaded.com.fasterxml.jackson.databind.cfg.BaseSettings::getVisibilityChecker (5 bytes)
Event: 12.855 Thread 0x0000012c5577ddf0 nmethod 2927 0x0000012c499baf90 code [0x0000012c499bb120, 0x0000012c499bb1f8]
Event: 12.855 Thread 0x0000012c5577ddf0 2926       2       org.testcontainers.shaded.com.fasterxml.jackson.databind.introspect.POJOPropertyBuilder::_getAllAnnotations (33 bytes)
Event: 12.855 Thread 0x0000012c5577ddf0 nmethod 2926 0x0000012c42913e10 code [0x0000012c42913fe0, 0x0000012c42914228]
Event: 12.885 Thread 0x0000012c5577ddf0 2929       1       java.lang.reflect.Constructor::getSignature (5 bytes)
Event: 12.885 Thread 0x0000012c5577ddf0 nmethod 2929 0x0000012c499bb290 code [0x0000012c499bb420, 0x0000012c499bb4f8]
Event: 12.888 Thread 0x0000012c5577ddf0 2930       2       org.testcontainers.shaded.com.fasterxml.jackson.databind.util.TokenBuffer$Segment::type (29 bytes)
Event: 12.888 Thread 0x0000012c5577ddf0 nmethod 2930 0x0000012c42914410 code [0x0000012c429145a0, 0x0000012c429146d8]
Event: 12.905 Thread 0x0000012c5577ddf0 2932       2       java.util.Locale::hashCode (41 bytes)
Event: 12.905 Thread 0x0000012c5577ddf0 nmethod 2932 0x0000012c42914790 code [0x0000012c42914940, 0x0000012c42914ad8]
Event: 12.912 Thread 0x0000012c5577ddf0 2933       1       ch.qos.logback.core.pattern.Converter::getNext (5 bytes)
Event: 12.913 Thread 0x0000012c5577ddf0 nmethod 2933 0x0000012c499bb890 code [0x0000012c499bba20, 0x0000012c499bbaf8]
Event: 12.915 Thread 0x0000012c5577ddf0 2934       1       java.util.Formatter$Flags::valueOf (5 bytes)
Event: 12.915 Thread 0x0000012c5577ddf0 nmethod 2934 0x0000012c499bbb90 code [0x0000012c499bbd20, 0x0000012c499bbdf8]
Event: 12.916 Thread 0x0000012c5577ddf0 2935       2       ch.qos.logback.classic.Logger::isDebugEnabled (6 bytes)
Event: 12.916 Thread 0x0000012c5577ddf0 nmethod 2935 0x0000012c42914c10 code [0x0000012c42914da0, 0x0000012c42914ec8]
Event: 12.916 Thread 0x0000012c5577ddf0 2936       2       ch.qos.logback.classic.Logger::isDebugEnabled (67 bytes)
Event: 12.917 Thread 0x0000012c5577ddf0 nmethod 2936 0x0000012c42914f90 code [0x0000012c42915180, 0x0000012c429154c8]
Event: 12.917 Thread 0x0000012c5577ddf0 2937       1       java.nio.Buffer::capacity (5 bytes)
Event: 12.918 Thread 0x0000012c5577ddf0 nmethod 2937 0x0000012c499bbe90 code [0x0000012c499bc020, 0x0000012c499bc0f8]

GC Heap History (20 events):
Event: 3.429 GC heap before
{Heap before GC invocations=2 (full 0):
 garbage-first heap   total 65536K, used 28967K [0x00000000c1600000, 0x0000000100000000)
  region size 1024K, 18 young (18432K), 1 survivors (1024K)
 Metaspace       used 6249K, committed 6400K, reserved 1056768K
  class space    used 674K, committed 768K, reserved 1048576K
}
Event: 3.433 GC heap after
{Heap after GC invocations=3 (full 0):
 garbage-first heap   total 65536K, used 12041K [0x00000000c1600000, 0x0000000100000000)
  region size 1024K, 1 young (1024K), 1 survivors (1024K)
 Metaspace       used 6249K, committed 6400K, reserved 1056768K
  class space    used 674K, committed 768K, reserved 1048576K
}
Event: 5.037 GC heap before
{Heap before GC invocations=3 (full 0):
 garbage-first heap   total 65536K, used 43785K [0x00000000c1600000, 0x0000000100000000)
  region size 1024K, 32 young (32768K), 1 survivors (1024K)
 Metaspace       used 10042K, committed 10304K, reserved 1064960K
  class space    used 1169K, committed 1280K, reserved 1048576K
}
Event: 5.043 GC heap after
{Heap after GC invocations=4 (full 0):
 garbage-first heap   total 65536K, used 13350K [0x00000000c1600000, 0x0000000100000000)
  region size 1024K, 3 young (3072K), 3 survivors (3072K)
 Metaspace       used 10042K, committed 10304K, reserved 1064960K
  class space    used 1169K, committed 1280K, reserved 1048576K
}
Event: 5.963 GC heap before
{Heap before GC invocations=4 (full 0):
 garbage-first heap   total 65536K, used 43046K [0x00000000c1600000, 0x0000000100000000)
  region size 1024K, 32 young (32768K), 3 survivors (3072K)
 Metaspace       used 12885K, committed 13120K, reserved 1064960K
  class space    used 1564K, committed 1664K, reserved 1048576K
}
Event: 5.970 GC heap after
{Heap after GC invocations=5 (full 0):
 garbage-first heap   total 65536K, used 14735K [0x00000000c1600000, 0x0000000100000000)
  region size 1024K, 4 young (4096K), 4 survivors (4096K)
 Metaspace       used 12885K, committed 13120K, reserved 1064960K
  class space    used 1564K, committed 1664K, reserved 1048576K
}
Event: 8.304 GC heap before
{Heap before GC invocations=5 (full 0):
 garbage-first heap   total 65536K, used 44431K [0x00000000c1600000, 0x0000000100000000)
  region size 1024K, 33 young (33792K), 4 survivors (4096K)
 Metaspace       used 16075K, committed 16320K, reserved 1064960K
  class space    used 2002K, committed 2112K, reserved 1048576K
}
Event: 8.313 GC heap after
{Heap after GC invocations=6 (full 0):
 garbage-first heap   total 65536K, used 15212K [0x00000000c1600000, 0x0000000100000000)
  region size 1024K, 2 young (2048K), 2 survivors (2048K)
 Metaspace       used 16075K, committed 16320K, reserved 1064960K
  class space    used 2002K, committed 2112K, reserved 1048576K
}
Event: 8.904 GC heap before
{Heap before GC invocations=6 (full 0):
 garbage-first heap   total 65536K, used 46956K [0x00000000c1600000, 0x0000000100000000)
  region size 1024K, 34 young (34816K), 2 survivors (2048K)
 Metaspace       used 19017K, committed 19264K, reserved 1073152K
  class space    used 2348K, committed 2432K, reserved 1048576K
}
Event: 8.911 GC heap after
{Heap after GC invocations=7 (full 0):
 garbage-first heap   total 65536K, used 15905K [0x00000000c1600000, 0x0000000100000000)
  region size 1024K, 3 young (3072K), 3 survivors (3072K)
 Metaspace       used 19017K, committed 19264K, reserved 1073152K
  class space    used 2348K, committed 2432K, reserved 1048576K
}
Event: 9.279 GC heap before
{Heap before GC invocations=7 (full 0):
 garbage-first heap   total 65536K, used 40481K [0x00000000c1600000, 0x0000000100000000)
  region size 1024K, 28 young (28672K), 3 survivors (3072K)
 Metaspace       used 21201K, committed 21504K, reserved 1073152K
  class space    used 2583K, committed 2752K, reserved 1048576K
}
Event: 9.292 GC heap after
{Heap after GC invocations=8 (full 0):
 garbage-first heap   total 65536K, used 16684K [0x00000000c1600000, 0x0000000100000000)
  region size 1024K, 4 young (4096K), 4 survivors (4096K)
 Metaspace       used 21201K, committed 21504K, reserved 1073152K
  class space    used 2583K, committed 2752K, reserved 1048576K
}
Event: 9.661 GC heap before
{Heap before GC invocations=9 (full 0):
 garbage-first heap   total 65536K, used 49452K [0x00000000c1600000, 0x0000000100000000)
  region size 1024K, 37 young (37888K), 4 survivors (4096K)
 Metaspace       used 23486K, committed 23808K, reserved 1073152K
  class space    used 2914K, committed 3072K, reserved 1048576K
}
Event: 9.672 GC heap after
{Heap after GC invocations=10 (full 0):
 garbage-first heap   total 65536K, used 18030K [0x00000000c1600000, 0x0000000100000000)
  region size 1024K, 4 young (4096K), 4 survivors (4096K)
 Metaspace       used 23486K, committed 23808K, reserved 1073152K
  class space    used 2914K, committed 3072K, reserved 1048576K
}
Event: 9.680 GC heap before
{Heap before GC invocations=10 (full 0):
 garbage-first heap   total 65536K, used 19054K [0x00000000c1600000, 0x0000000100000000)
  region size 1024K, 6 young (6144K), 4 survivors (4096K)
 Metaspace       used 23572K, committed 23872K, reserved 1073152K
  class space    used 2924K, committed 3072K, reserved 1048576K
}
Event: 9.689 GC heap after
{Heap after GC invocations=11 (full 0):
 garbage-first heap   total 65536K, used 18310K [0x00000000c1600000, 0x0000000100000000)
  region size 1024K, 1 young (1024K), 1 survivors (1024K)
 Metaspace       used 23572K, committed 23872K, reserved 1073152K
  class space    used 2924K, committed 3072K, reserved 1048576K
}
Event: 9.993 GC heap before
{Heap before GC invocations=11 (full 0):
 garbage-first heap   total 65536K, used 49030K [0x00000000c1600000, 0x0000000100000000)
  region size 1024K, 32 young (32768K), 1 survivors (1024K)
 Metaspace       used 26364K, committed 26688K, reserved 1073152K
  class space    used 3248K, committed 3392K, reserved 1048576K
}
Event: 9.996 GC heap after
{Heap after GC invocations=12 (full 0):
 garbage-first heap   total 65536K, used 18490K [0x00000000c1600000, 0x0000000100000000)
  region size 1024K, 1 young (1024K), 1 survivors (1024K)
 Metaspace       used 26364K, committed 26688K, reserved 1073152K
  class space    used 3248K, committed 3392K, reserved 1048576K
}
Event: 12.688 GC heap before
{Heap before GC invocations=12 (full 0):
 garbage-first heap   total 65536K, used 50234K [0x00000000c1600000, 0x0000000100000000)
  region size 1024K, 33 young (33792K), 1 survivors (1024K)
 Metaspace       used 29195K, committed 29440K, reserved 1081344K
  class space    used 3640K, committed 3776K, reserved 1048576K
}
Event: 12.697 GC heap after
{Heap after GC invocations=13 (full 0):
 garbage-first heap   total 136192K, used 19381K [0x00000000c1600000, 0x0000000100000000)
  region size 1024K, 2 young (2048K), 2 survivors (2048K)
 Metaspace       used 29195K, committed 29440K, reserved 1081344K
  class space    used 3640K, committed 3776K, reserved 1048576K
}

Deoptimization events (20 events):
Event: 12.788 Thread 0x0000012c579bf760 DEOPT PACKING pc=0x0000012c426de164 sp=0x00000020d91fd5a0
Event: 12.788 Thread 0x0000012c579bf760 DEOPT UNPACKING pc=0x0000012c41db2b43 sp=0x00000020d91fcaa0 mode 1
Event: 12.788 Thread 0x0000012c579bf760 DEOPT PACKING pc=0x0000012c426e269c sp=0x00000020d91fd670
Event: 12.788 Thread 0x0000012c579bf760 DEOPT UNPACKING pc=0x0000012c41db2b43 sp=0x00000020d91fcbf8 mode 1
Event: 12.789 Thread 0x0000012c579bf760 DEOPT PACKING pc=0x0000012c4256acfc sp=0x00000020d91fc850
Event: 12.789 Thread 0x0000012c579bf760 DEOPT UNPACKING pc=0x0000012c41db2b43 sp=0x00000020d91fbce8 mode 1
Event: 12.789 Thread 0x0000012c579bf760 DEOPT PACKING pc=0x0000012c424e3d5c sp=0x00000020d91fc920
Event: 12.789 Thread 0x0000012c579bf760 DEOPT UNPACKING pc=0x0000012c41db2b43 sp=0x00000020d91fbdd8 mode 1
Event: 12.789 Thread 0x0000012c579bf760 DEOPT PACKING pc=0x0000012c425f90b4 sp=0x00000020d91fd300
Event: 12.789 Thread 0x0000012c579bf760 DEOPT UNPACKING pc=0x0000012c41db2b43 sp=0x00000020d91fc7d8 mode 1
Event: 12.789 Thread 0x0000012c579bf760 DEOPT PACKING pc=0x0000012c426f5b0c sp=0x00000020d91fd3a0
Event: 12.789 Thread 0x0000012c579bf760 DEOPT UNPACKING pc=0x0000012c41db2b43 sp=0x00000020d91fc850 mode 1
Event: 12.789 Thread 0x0000012c579bf760 DEOPT PACKING pc=0x0000012c426fa1cc sp=0x00000020d91fd400
Event: 12.789 Thread 0x0000012c579bf760 DEOPT UNPACKING pc=0x0000012c41db2b43 sp=0x00000020d91fc968 mode 1
Event: 12.789 Thread 0x0000012c579bf760 DEOPT PACKING pc=0x0000012c426f900c sp=0x00000020d91fd550
Event: 12.789 Thread 0x0000012c579bf760 DEOPT UNPACKING pc=0x0000012c41db2b43 sp=0x00000020d91fc9f8 mode 1
Event: 12.789 Thread 0x0000012c579bf760 DEOPT PACKING pc=0x0000012c426de164 sp=0x00000020d91fd5a0
Event: 12.789 Thread 0x0000012c579bf760 DEOPT UNPACKING pc=0x0000012c41db2b43 sp=0x00000020d91fcaa0 mode 1
Event: 12.789 Thread 0x0000012c579bf760 DEOPT PACKING pc=0x0000012c426e269c sp=0x00000020d91fd670
Event: 12.789 Thread 0x0000012c579bf760 DEOPT UNPACKING pc=0x0000012c41db2b43 sp=0x00000020d91fcbf8 mode 1

Classes unloaded (0 events):
No events

Classes redefined (0 events):
No events

Internal exceptions (20 events):
Event: 6.724 Thread 0x0000012c3a574600 Exception <a 'java/lang/NoSuchMethodError'{0x00000000c4555c90}: 'java.lang.Object java.lang.invoke.DirectMethodHandle$Holder.invokeSpecial(java.lang.Object, java.lang.Object, java.lang.Object, java.lang.Object, java.lang.Object, java.lang.Object, java.lang.Object, int)'> (0x00000000c4555c90) 
thrown [t:\workspace\open\src\hotspot\share\interpreter\linkResolver.cpp, line 766]
Event: 6.830 Thread 0x0000012c3a574600 Exception <a 'java/lang/NoSuchMethodError'{0x00000000c43d50f0}: 'void java.lang.invoke.DirectMethodHandle$Holder.invokeStatic(java.lang.Object, java.lang.Object, java.lang.Object, java.lang.Object, java.lang.Object, java.lang.Object)'> (0x00000000c43d50f0) 
thrown [t:\workspace\open\src\hotspot\share\interpreter\linkResolver.cpp, line 766]
Event: 8.193 Thread 0x0000012c3a574600 Exception <a 'java/lang/NoSuchMethodError'{0x00000000c3a59758}: 'java.lang.Object java.lang.invoke.DirectMethodHandle$Holder.invokeSpecial(java.lang.Object, java.lang.Object, java.lang.Object, int, java.lang.Object)'> (0x00000000c3a59758) 
thrown [t:\workspace\open\src\hotspot\share\interpreter\linkResolver.cpp, line 766]
Event: 8.194 Thread 0x0000012c3a574600 Exception <a 'java/lang/NoSuchMethodError'{0x00000000c3a61dd8}: 'java.lang.Object java.lang.invoke.DirectMethodHandle$Holder.newInvokeSpecial(java.lang.Object, java.lang.Object, java.lang.Object, int, java.lang.Object)'> (0x00000000c3a61dd8) 
thrown [t:\workspace\open\src\hotspot\share\interpreter\linkResolver.cpp, line 766]
Event: 8.195 Thread 0x0000012c3a574600 Exception <a 'java/lang/NoSuchMethodError'{0x00000000c3a69928}: 'java.lang.Object java.lang.invoke.Invokers$Holder.linkToTargetMethod(java.lang.Object, java.lang.Object, int, java.lang.Object, java.lang.Object)'> (0x00000000c3a69928) 
thrown [t:\workspace\open\src\hotspot\share\interpreter\linkResolver.cpp, line 766]
Event: 8.197 Thread 0x0000012c3a574600 Exception <a 'java/lang/NoSuchMethodError'{0x00000000c3a7fec0}: 'java.lang.Object java.lang.invoke.DirectMethodHandle$Holder.newInvokeSpecial(java.lang.Object, int, java.lang.Object)'> (0x00000000c3a7fec0) 
thrown [t:\workspace\open\src\hotspot\share\interpreter\linkResolver.cpp, line 766]
Event: 8.364 Thread 0x0000012c3a574600 Exception <a 'java/lang/NoSuchMethodError'{0x00000000c5412820}: 'java.lang.Object java.lang.invoke.DirectMethodHandle$Holder.invokeStatic(java.lang.Object, java.lang.Object, long, java.lang.Object)'> (0x00000000c5412820) 
thrown [t:\workspace\open\src\hotspot\share\interpreter\linkResolver.cpp, line 766]
Event: 8.364 Thread 0x0000012c3a574600 Exception <a 'java/lang/NoSuchMethodError'{0x00000000c5416808}: 'java.lang.Object java.lang.invoke.DirectMethodHandle$Holder.invokeStaticInit(java.lang.Object, java.lang.Object, long, java.lang.Object)'> (0x00000000c5416808) 
thrown [t:\workspace\open\src\hotspot\share\interpreter\linkResolver.cpp, line 766]
Event: 8.365 Thread 0x0000012c3a574600 Exception <a 'java/lang/NoSuchMethodError'{0x00000000c541d368}: 'java.lang.Object java.lang.invoke.DirectMethodHandle$Holder.newInvokeSpecial(java.lang.Object, java.lang.Object, long)'> (0x00000000c541d368) 
thrown [t:\workspace\open\src\hotspot\share\interpreter\linkResolver.cpp, line 766]
Event: 8.365 Thread 0x0000012c3a574600 Exception <a 'java/lang/NoSuchMethodError'{0x00000000c54216d0}: 'java.lang.Object java.lang.invoke.Invokers$Holder.linkToTargetMethod(java.lang.Object, long, java.lang.Object)'> (0x00000000c54216d0) 
thrown [t:\workspace\open\src\hotspot\share\interpreter\linkResolver.cpp, line 766]
Event: 8.548 Thread 0x0000012c3a574600 Exception <a 'java/lang/IncompatibleClassChangeError'{0x00000000c50a7ad0}: Found class java.lang.Object, but interface was expected> (0x00000000c50a7ad0) 
thrown [t:\workspace\open\src\hotspot\share\interpreter\linkResolver.cpp, line 833]
Event: 8.819 Thread 0x0000012c5763fcb0 Implicit null exception at 0x0000012c498bbc4c to 0x0000012c498bbd40
Event: 8.921 Thread 0x0000012c590287c0 Exception <a 'java/io/FileNotFoundException'{0x00000000c55a4930}> (0x00000000c55a4930) 
thrown [t:\workspace\open\src\hotspot\share\prims\jni.cpp, line 516]
Event: 9.167 Thread 0x0000012c590287c0 Exception <a 'java/lang/NoSuchMethodError'{0x00000000c4867ee8}: 'long java.lang.invoke.DirectMethodHandle$Holder.invokeStatic(java.lang.Object, java.lang.Object)'> (0x00000000c4867ee8) 
thrown [t:\workspace\open\src\hotspot\share\interpreter\linkResolver.cpp, line 766]
Event: 9.739 Thread 0x0000012c5763fcb0 Exception <a 'java/lang/NoSuchMethodError'{0x00000000c4f957b8}: 'long java.lang.invoke.DirectMethodHandle$Holder.invokeSpecial(java.lang.Object, java.lang.Object)'> (0x00000000c4f957b8) 
thrown [t:\workspace\open\src\hotspot\share\interpreter\linkResolver.cpp, line 766]
Event: 9.742 Thread 0x0000012c5763fcb0 Exception <a 'java/lang/NoSuchMethodError'{0x00000000c4fa0470}: 'long java.lang.invoke.DirectMethodHandle$Holder.invokeStaticInit(java.lang.Object, java.lang.Object)'> (0x00000000c4fa0470) 
thrown [t:\workspace\open\src\hotspot\share\interpreter\linkResolver.cpp, line 766]
Event: 9.745 Thread 0x0000012c5763fcb0 Exception <a 'java/lang/NoSuchMethodError'{0x00000000c4fae018}: 'long java.lang.invoke.DirectMethodHandle$Holder.invokeInterface(java.lang.Object, java.lang.Object)'> (0x00000000c4fae018) 
thrown [t:\workspace\open\src\hotspot\share\interpreter\linkResolver.cpp, line 766]
Event: 9.745 Thread 0x0000012c5763fcb0 Exception <a 'java/lang/IncompatibleClassChangeError'{0x00000000c4fb15a8}: Found class java.lang.Object, but interface was expected> (0x00000000c4fb15a8) 
thrown [t:\workspace\open\src\hotspot\share\interpreter\linkResolver.cpp, line 833]
Event: 9.784 Thread 0x0000012c5763fcb0 Exception <a 'java/lang/NoSuchMethodError'{0x00000000c4b883d0}: 'java.lang.Object java.lang.invoke.DirectMethodHandle$Holder.invokeVirtual(java.lang.Object, java.lang.Object, java.lang.Object, java.lang.Object)'> (0x00000000c4b883d0) 
thrown [t:\workspace\open\src\hotspot\share\interpreter\linkResolver.cpp, line 766]
Event: 9.836 Thread 0x0000012c5763fcb0 Exception <a 'java/lang/NoSuchMethodError'{0x00000000c4584930}: 'java.lang.Object java.lang.invoke.DirectMethodHandle$Holder.invokeStaticInit(java.lang.Object, java.lang.Object, java.lang.Object, java.lang.Object, java.lang.Object)'> (0x00000000c4584930) 
thrown [t:\workspace\open\src\hotspot\share\interpreter\linkResolver.cpp, line 766]

VM Operations (20 events):
Event: 9.314 Executing VM operation: G1Concurrent
Event: 9.321 Executing VM operation: G1Concurrent done
Event: 9.328 Executing VM operation: G1Concurrent
Event: 9.329 Executing VM operation: G1Concurrent done
Event: 9.661 Executing VM operation: G1CollectForAllocation
Event: 9.672 Executing VM operation: G1CollectForAllocation done
Event: 9.680 Executing VM operation: G1CollectForAllocation
Event: 9.680 Executing VM operation: G1CollectForAllocation done
Event: 9.680 Executing VM operation: G1CollectForAllocation
Event: 9.689 Executing VM operation: G1CollectForAllocation done
Event: 9.993 Executing VM operation: G1CollectForAllocation
Event: 9.997 Executing VM operation: G1CollectForAllocation done
Event: 11.009 Executing VM operation: Cleanup
Event: 11.009 Executing VM operation: Cleanup done
Event: 12.021 Executing VM operation: Cleanup
Event: 12.021 Executing VM operation: Cleanup done
Event: 12.064 Executing VM operation: HandshakeAllThreads
Event: 12.064 Executing VM operation: HandshakeAllThreads done
Event: 12.688 Executing VM operation: G1CollectForAllocation
Event: 12.697 Executing VM operation: G1CollectForAllocation done

Events (20 events):
Event: 12.151 loading class java/util/LinkedList$ListItr
Event: 12.152 loading class java/util/LinkedList$ListItr done
Event: 12.176 loading class jdk/internal/ValueBased
Event: 12.177 loading class jdk/internal/ValueBased done
Event: 12.197 loading class sun/reflect/generics/repository/FieldRepository
Event: 12.198 loading class sun/reflect/generics/repository/FieldRepository done
Event: 12.280 loading class jdk/internal/loader/BootLoader$PackageHelper
Event: 12.281 loading class jdk/internal/loader/BootLoader$PackageHelper done
Event: 12.402 loading class java/lang/Enum$EnumDesc
Event: 12.405 loading class java/lang/Enum$EnumDesc done
Event: 12.856 loading class jdk/internal/reflect/UnsafeObjectFieldAccessorImpl
Event: 12.856 loading class jdk/internal/reflect/UnsafeObjectFieldAccessorImpl done
Event: 12.901 loading class sun/nio/cs/ISO_8859_1$Encoder
Event: 12.902 loading class sun/nio/cs/ISO_8859_1$Encoder done
Event: 12.902 loading class sun/nio/cs/Surrogate$Parser
Event: 12.903 loading class sun/nio/cs/Surrogate$Parser done
Event: 12.903 loading class sun/nio/cs/Surrogate
Event: 12.903 loading class sun/nio/cs/Surrogate done
Event: 12.906 loading class java/io/FileOutputStream$1
Event: 12.906 loading class java/io/FileOutputStream$1 done


Dynamic libraries:
0x00007ff695f20000 - 0x00007ff695f30000 	C:\Program Files\Java\jdk-17.0.1\bin\javaw.exe
0x00007ff8b5d90000 - 0x00007ff8b5f88000 	C:\Windows\SYSTEM32\ntdll.dll
0x00007ff8b4980000 - 0x00007ff8b4a3d000 	C:\Windows\System32\KERNEL32.DLL
0x00007ff8b3490000 - 0x00007ff8b3786000 	C:\Windows\System32\KERNELBASE.dll
0x00007ff8b3c00000 - 0x00007ff8b3d00000 	C:\Windows\System32\ucrtbase.dll
0x00007ff8a8b60000 - 0x00007ff8a8b7a000 	C:\Program Files\Java\jdk-17.0.1\bin\VCRUNTIME140.dll
0x00007ff88dd80000 - 0x00007ff88dd98000 	C:\Program Files\Java\jdk-17.0.1\bin\jli.dll
0x00007ff8b5c90000 - 0x00007ff8b5d43000 	C:\Windows\System32\ADVAPI32.dll
0x00007ff8b4a40000 - 0x00007ff8b4ade000 	C:\Windows\System32\msvcrt.dll
0x00007ff8b5890000 - 0x00007ff8b592f000 	C:\Windows\System32\sechost.dll
0x00007ff8b4850000 - 0x00007ff8b4976000 	C:\Windows\System32\RPCRT4.dll
0x00007ff8b3d00000 - 0x00007ff8b3d27000 	C:\Windows\System32\bcrypt.dll
0x00007ff8b56d0000 - 0x00007ff8b586e000 	C:\Windows\System32\USER32.dll
0x00007ff8b3460000 - 0x00007ff8b3482000 	C:\Windows\System32\win32u.dll
0x00007ff8b5430000 - 0x00007ff8b545c000 	C:\Windows\System32\GDI32.dll
0x00007ff8b3940000 - 0x00007ff8b3a5a000 	C:\Windows\System32\gdi32full.dll
0x00007ff89be80000 - 0x00007ff89c11a000 	C:\Windows\WinSxS\amd64_microsoft.windows.common-controls_6595b64144ccf1df_6.0.19041.3636_none_60b6a03d71f818d5\COMCTL32.dll
0x00007ff8b3a60000 - 0x00007ff8b3afd000 	C:\Windows\System32\msvcp_win.dll
0x00007ff8a7770000 - 0x00007ff8a777a000 	C:\Windows\SYSTEM32\VERSION.dll
0x00007ff8b4750000 - 0x00007ff8b4780000 	C:\Windows\System32\IMM32.DLL
0x00007ff88ddb0000 - 0x00007ff88ddbc000 	C:\Program Files\Java\jdk-17.0.1\bin\vcruntime140_1.dll
0x00007ff87af50000 - 0x00007ff87afdd000 	C:\Program Files\Java\jdk-17.0.1\bin\msvcp140.dll
0x00007ff84ebe0000 - 0x00007ff84f79e000 	C:\Program Files\Java\jdk-17.0.1\bin\server\jvm.dll
0x00007ff8b3ec0000 - 0x00007ff8b3ec8000 	C:\Windows\System32\PSAPI.DLL
0x00007ff8882e0000 - 0x00007ff888307000 	C:\Windows\SYSTEM32\WINMM.dll
0x00007ff893240000 - 0x00007ff893249000 	C:\Windows\SYSTEM32\WSOCK32.dll
0x00007ff8b4ae0000 - 0x00007ff8b4b4b000 	C:\Windows\System32\ws2_32.DLL
0x00007ff8b1c60000 - 0x00007ff8b1c72000 	C:\Windows\SYSTEM32\kernel.appcore.dll
0x00007ff88dd70000 - 0x00007ff88dd7a000 	C:\Program Files\Java\jdk-17.0.1\bin\jimage.dll
0x00007ff8b1980000 - 0x00007ff8b1b64000 	C:\Windows\SYSTEM32\DBGHELP.DLL
0x00007ff89b420000 - 0x00007ff89b454000 	C:\Windows\SYSTEM32\dbgcore.DLL
0x00007ff8b3b00000 - 0x00007ff8b3b82000 	C:\Windows\System32\bcryptPrimitives.dll
0x00007ff88a110000 - 0x00007ff88a14b000 	C:\Program Files\Java\jdk-17.0.1\bin\jdwp.dll
0x00007ff88bc70000 - 0x00007ff88bc7e000 	C:\Program Files\Java\jdk-17.0.1\bin\instrument.dll
0x00007ff88a0e0000 - 0x00007ff88a105000 	C:\Program Files\Java\jdk-17.0.1\bin\java.dll
0x00007ff87ae70000 - 0x00007ff87af46000 	C:\Program Files\Java\jdk-17.0.1\bin\svml.dll
0x00007ff8b4000000 - 0x00007ff8b4745000 	C:\Windows\System32\SHELL32.dll
0x00007ff8b1110000 - 0x00007ff8b18ab000 	C:\Windows\SYSTEM32\windows.storage.dll
0x00007ff8b5930000 - 0x00007ff8b5c84000 	C:\Windows\System32\combase.dll
0x00007ff8b2e90000 - 0x00007ff8b2ebd000 	C:\Windows\SYSTEM32\Wldp.dll
0x00007ff8b3ed0000 - 0x00007ff8b3f7d000 	C:\Windows\System32\SHCORE.dll
0x00007ff8b5610000 - 0x00007ff8b5665000 	C:\Windows\System32\shlwapi.dll
0x00007ff8b3390000 - 0x00007ff8b33b5000 	C:\Windows\SYSTEM32\profapi.dll
0x00007ff88bc60000 - 0x00007ff88bc6c000 	C:\Program Files\Java\jdk-17.0.1\bin\dt_socket.dll
0x00007ff8b2890000 - 0x00007ff8b28cb000 	C:\Windows\SYSTEM32\IPHLPAPI.DLL
0x00007ff8b2bf0000 - 0x00007ff8b2c5a000 	C:\Windows\system32\mswsock.dll
0x00007ff8b28d0000 - 0x00007ff8b299a000 	C:\Windows\SYSTEM32\DNSAPI.dll
0x00007ff8b5140000 - 0x00007ff8b5148000 	C:\Windows\System32\NSI.dll
0x00007ff8a1e10000 - 0x00007ff8a1e1a000 	C:\Windows\System32\rasadhlp.dll
0x00007ff8a2160000 - 0x00007ff8a21e0000 	C:\Windows\System32\fwpuclnt.dll
0x00007ff884cc0000 - 0x00007ff884cd8000 	C:\Program Files\Java\jdk-17.0.1\bin\zip.dll
0x00007ff883a70000 - 0x00007ff883a89000 	C:\Program Files\Java\jdk-17.0.1\bin\net.dll
0x00007ff8a25c0000 - 0x00007ff8a26ca000 	C:\Windows\SYSTEM32\WINHTTP.dll
0x00007ff882240000 - 0x00007ff882255000 	C:\Program Files\Java\jdk-17.0.1\bin\nio.dll
0x00007ff88abb0000 - 0x00007ff88abc0000 	C:\Program Files\Java\jdk-17.0.1\bin\verify.dll
0x00007ff8a5620000 - 0x00007ff8a5637000 	C:\Windows\SYSTEM32\dhcpcsvc6.DLL
0x00007ff8a5600000 - 0x00007ff8a561d000 	C:\Windows\SYSTEM32\dhcpcsvc.DLL
0x00007ff8b2de0000 - 0x00007ff8b2df8000 	C:\Windows\SYSTEM32\CRYPTSP.dll
0x00007ff8b2470000 - 0x00007ff8b24a4000 	C:\Windows\system32\rsaenh.dll
0x00007ff8b3310000 - 0x00007ff8b333e000 	C:\Windows\SYSTEM32\USERENV.dll
0x00007ff8b2e00000 - 0x00007ff8b2e0c000 	C:\Windows\SYSTEM32\CRYPTBASE.dll
0x00007ff88a240000 - 0x00007ff88a24e000 	C:\Program Files\Java\jdk-17.0.1\bin\sunmscapi.dll
0x00007ff8b37e0000 - 0x00007ff8b393d000 	C:\Windows\System32\CRYPT32.dll
0x00007ff8b2f00000 - 0x00007ff8b2f28000 	C:\Windows\SYSTEM32\ncrypt.dll
0x00007ff8b2ec0000 - 0x00007ff8b2efb000 	C:\Windows\SYSTEM32\NTASN1.dll

dbghelp: loaded successfully - version: 4.0.5 - missing functions: none
symbol engine: initialized successfully - sym options: 0x614 - pdb path: .;C:\Program Files\Java\jdk-17.0.1\bin;C:\Windows\SYSTEM32;C:\Windows\WinSxS\amd64_microsoft.windows.common-controls_6595b64144ccf1df_6.0.19041.3636_none_60b6a03d71f818d5;C:\Program Files\Java\jdk-17.0.1\bin\server

VM Arguments:
jvm_args: -XX:+ShowCodeDetailsInExceptionMessages -agentlib:jdwp=transport=dt_socket,suspend=y,address=localhost:60978 -ea -javaagent:C:\Users\Erik Vasconcelos\Desktop\sts-4.21.0.RELEASE\configuration\org.eclipse.osgi\258\0\.cp\lib\javaagent-shaded.jar -Dfile.encoding=UTF-8 -Dstdout.encoding=UTF-8 -Dstderr.encoding=UTF-8 
java_command: org.eclipse.jdt.internal.junit.runner.RemoteTestRunner -version 3 -port 60977 -testLoaderClass org.eclipse.jdt.internal.junit5.runner.JUnit5TestLoader -loaderpluginname org.eclipse.jdt.junit5.runtime -classNames br.com.erudio.cp.integrationtest.swagger.SwaggerIntegrationTest
java_class_path (initial): D:\UDEMY-rest_api\swagger\target\test-classes;D:\UDEMY-rest_api\swagger\target\classes;C:\Users\Erik Vasconcelos\.m2\repository\org\springframework\boot\spring-boot-starter-data-jpa\3.2.1\spring-boot-starter-data-jpa-3.2.1.jar;C:\Users\Erik Vasconcelos\.m2\repository\org\springframework\boot\spring-boot-starter-aop\3.2.1\spring-boot-starter-aop-3.2.1.jar;C:\Users\Erik Vasconcelos\.m2\repository\org\springframework\spring-aop\6.1.2\spring-aop-6.1.2.jar;C:\Users\Erik Vasconcelos\.m2\repository\org\aspectj\aspectjweaver\1.9.21\aspectjweaver-1.9.21.jar;C:\Users\Erik Vasconcelos\.m2\repository\org\springframework\boot\spring-boot-starter-jdbc\3.2.1\spring-boot-starter-jdbc-3.2.1.jar;C:\Users\Erik Vasconcelos\.m2\repository\com\zaxxer\HikariCP\5.0.1\HikariCP-5.0.1.jar;C:\Users\Erik Vasconcelos\.m2\repository\org\springframework\spring-jdbc\6.1.2\spring-jdbc-6.1.2.jar;C:\Users\Erik Vasconcelos\.m2\repository\org\hibernate\orm\hibernate-core\6.4.1.Final\hibernate-core-6.4.1.Final.jar;C:\Users\Erik Vasconcelos\.m2\repository\jakarta\persistence\jakarta.persistence-api\3.1.0\jakarta.persistence-api-3.1.0.jar;C:\Users\Erik Vasconcelos\.m2\repository\jakarta\transaction\jakarta.transaction-api\2.0.1\jakarta.transaction-api-2.0.1.jar;C:\Users\Erik Vasconcelos\.m2\repository\org\jboss\logging\jboss-logging\3.5.3.Final\jboss-logging-3.5.3.Final.jar;C:\Users\Erik Vasconcelos\.m2\repository\org\hibernate\common\hibernate-commons-annotations\6.0.6.Final\hibernate-commons-annotations-6.0.6.Final.jar;C:\Users\Erik Vasconcelos\.m2\repository\io\smallrye\jandex\3.1.2\jandex-3.1.2.jar;C:\Users\Erik Vasconcelos\.m2\repository\com\fasterxml\classmate\1.6.0\classmate-1.6.0.jar;C:\Users\Erik Vasconcelos\.m2\repository\jakarta\inject\jakarta.inject-api\2.0.1\jakarta.inject-api-2.0.1.jar;C:\Users\Erik Vasconcelos\.m2\repository\org\antlr\antlr4-runtime\4.13.0\antlr4-runtime-4.13.0.jar;C:\Users\Erik Vasconcelos\.m2\repository\org\springframework\data\spring-data-jpa\
Launcher Type: SUN_STANDARD

[Global flags]
     intx CICompilerCount                          = 3                                         {product} {ergonomic}
     uint ConcGCThreads                            = 1                                         {product} {ergonomic}
     uint G1ConcRefinementThreads                  = 4                                         {product} {ergonomic}
   size_t G1HeapRegionSize                         = 1048576                                   {product} {ergonomic}
    uintx GCDrainStackTargetSize                   = 64                                        {product} {ergonomic}
   size_t InitialHeapSize                          = 67108864                                  {product} {ergonomic}
   size_t MarkStackSize                            = 4194304                                   {product} {ergonomic}
   size_t MaxHeapSize                              = 1050673152                                {product} {ergonomic}
   size_t MaxNewSize                               = 630194176                                 {product} {ergonomic}
   size_t MinHeapDeltaBytes                        = 1048576                                   {product} {ergonomic}
   size_t MinHeapSize                              = 8388608                                   {product} {ergonomic}
    uintx NonNMethodCodeHeapSize                   = 5832780                                {pd product} {ergonomic}
    uintx NonProfiledCodeHeapSize                  = 122912730                              {pd product} {ergonomic}
    uintx ProfiledCodeHeapSize                     = 122912730                              {pd product} {ergonomic}
    uintx ReservedCodeCacheSize                    = 251658240                              {pd product} {ergonomic}
     bool SegmentedCodeCache                       = true                                      {product} {ergonomic}
     bool ShowCodeDetailsInExceptionMessages       = true                                   {manageable} {command line}
   size_t SoftMaxHeapSize                          = 1050673152                             {manageable} {ergonomic}
     bool UseCompressedClassPointers               = true                           {product lp64_product} {ergonomic}
     bool UseCompressedOops                        = true                           {product lp64_product} {ergonomic}
     bool UseG1GC                                  = true                                      {product} {ergonomic}
     bool UseLargePagesIndividualAllocation        = false                                  {pd product} {ergonomic}

Logging:
Log output configuration:
 #0: stdout all=warning uptime,level,tags
 #1: stderr all=off uptime,level,tags

Environment Variables:
JAVA_HOME=C:\Program Files\Java\jdk-17.0.1
CLASSPATH=.;C:\Program Files\Java\jdk-17.0.1\lib
PATH=C:/Users/Erik Vasconcelos/Desktop/sts-4.21.0.RELEASE//plugins/org.eclipse.justj.openjdk.hotspot.jre.full.win32.x86_64_17.0.9.v20231028-0858/jre/bin/server;C:/Users/Erik Vasconcelos/Desktop/sts-4.21.0.RELEASE//plugins/org.eclipse.justj.openjdk.hotspot.jre.full.win32.x86_64_17.0.9.v20231028-0858/jre/bin;C:\Program Files\Java\jdk-17.0.1;C:\Program Files\Java\jdk-17.0.1\bin;C:\Windows\system32;C:\Windows;C:\Windows\System32\Wbem;C:\Windows\System32\WindowsPowerShell\v1.0\;C:\Windows\System32\OpenSSH\;C:\Program Files\Git\cmd;C:\apache-maven-3.9.4\bin;C:\Program Files\Amazon\AWSCLIV2\;C:\Program Files\Amazon\AWSCLI\bin\;C:\Windows\system32\config\systemprofile\AppData\Roaming\Python\Python311\Scripts;;C:\Program Files\Docker\Docker\resources\bin;C:\Users\Erik Vasconcelos\AppData\Local\Programs\Python\Python311\Scripts\;C:\Users\Erik Vasconcelos\AppData\Local\Programs\Python\Python311\;C:\Program Files\Java\jdk-17.0.1\bin;C:\Program Files\MySQL\MySQL Shell 8.0\bin\;C:\Users\Erik Vasconcelos\AppData\Local\Microsoft\WindowsApps;C:\Users\Erik Vasconcelos\AppData\Local\Programs\Microsoft VS Code\bin;C:\apache-maven-3.9.4\bin;C:\Users\Erik Vasconcelos\AppData\Roaming\Python\Python311\Scripts;C:\Program Files\heroku\bin;C:\Users\Erik Vasconcelos\Desktop\sts-4.21.0.RELEASE;
USERNAME=Erik Vasconcelos
OS=Windows_NT
PROCESSOR_IDENTIFIER=Intel64 Family 6 Model 142 Stepping 10, GenuineIntel



---------------  S Y S T E M  ---------------

OS:
 Windows 10 , 64 bit Build 19041 (10.0.19041.3636)
OS uptime: 1 days 20:44 hours
Hyper-V role detected

CPU: total 4 (initial active 4) (2 cores per cpu, 2 threads per core) family 6 model 142 stepping 10 microcode 0xb4, cx8, cmov, fxsr, ht, mmx, 3dnowpref, sse, sse2, sse3, ssse3, sse4.1, sse4.2, popcnt, lzcnt, tsc, tscinvbit, avx, avx2, aes, erms, clmul, bmi1, bmi2, adx, fma, vzeroupper, clflush, clflushopt, hv

Memory: 4k page, system-wide physical 4007M (47M free)
TotalPageFile size 16295M (AvailPageFile size 4M)
current process WorkingSet (physical memory assigned to process): 161M, peak: 184M
current process commit charge ("private bytes"): 292M, peak: 295M

vm_info: Java HotSpot(TM) 64-Bit Server VM (17.0.1+12-LTS-39) for windows-amd64 JRE (17.0.1+12-LTS-39), built on Sep 27 2021 18:41:35 by "mach5one" with MS VC++ 16.8 (VS2019)

END.
